Using pre-set license
Built from '2020.2/staging' branch; Version is '2020.2.3f1 (8ff31bc5bf5b) revision 9433883'; Using compiler version '192528614'; Build Type 'Release'
OS: 'Windows 10 Home; OS build 19042.985; Version 2009; 64bit' Language: 'hu' Physical Memory: 16231 MB
BatchMode: 1, IsHumanControllingUs: 0, StartBugReporterOnCrash: 0, Is64bit: 1, IsPro: 0

 COMMAND LINE ARGUMENTS:
D:\programok\unity\2020.2.3f1\Editor\Unity.exe
-adb2
-batchMode
-noUpm
-name
AssetImportWorker0
-projectPath
D:/3Djatek_repo/3D_Jatek/Bead_project
-logFile
Logs/AssetImportWorker0.log
-srvPort
50870
Successfully changed project path to: D:/3Djatek_repo/3D_Jatek/Bead_project
D:/3Djatek_repo/3D_Jatek/Bead_project
Using Asset Import Pipeline V2.
Refreshing native plugins compatible for Editor in 26.43 ms, found 0 plugins.
Preloading 0 native plugins for Editor in 0.00 ms.
Initialize engine version: 2020.2.3f1 (8ff31bc5bf5b)
[Subsystems] Discovering subsystems at path D:/programok/unity/2020.2.3f1/Editor/Data/Resources/UnitySubsystems
[Subsystems] Discovering subsystems at path D:/3Djatek_repo/3D_Jatek/Bead_project/Assets
GfxDevice: creating device client; threaded=0
Direct3D:
    Version:  Direct3D 11.0 [level 11.1]
    Renderer: NVIDIA GeForce GTX 1050 Ti (ID=0x1c8c)
    Vendor:   
    VRAM:     4018 MB
    Driver:   27.21.14.6647
Initialize mono
Mono path[0] = 'D:/programok/unity/2020.2.3f1/Editor/Data/Managed'
Mono path[1] = 'D:/programok/unity/2020.2.3f1/Editor/Data/MonoBleedingEdge/lib/mono/unityjit'
Mono config path = 'D:/programok/unity/2020.2.3f1/Editor/Data/MonoBleedingEdge/etc'
Using monoOptions --debugger-agent=transport=dt_socket,embedding=1,server=y,suspend=n,address=127.0.0.1:56432
Begin MonoManager ReloadAssembly
Registering precompiled unity dll's ...
Register platform support module: D:/programok/unity/2020.2.3f1/Editor/Data/PlaybackEngines/WindowsStandaloneSupport/UnityEditor.WindowsStandalone.Extensions.dll
Registered in 0.001156 seconds.
Native extension for WindowsStandalone target not found
Refreshing native plugins compatible for Editor in 24.93 ms, found 0 plugins.
Preloading 0 native plugins for Editor in 0.00 ms.
Invoked RoslynAnalysisRunner static constructor.
RoslynAnalysisRunner will not be running.
RoslynAnalysisRunner has terminated.
Mono: successfully reloaded assembly
- Completed reload, in  1.072 seconds
Platform modules already initialized, skipping
Registering precompiled user dll's ...
Registered in 0.000580 seconds.
Begin MonoManager ReloadAssembly
Native extension for WindowsStandalone target not found
Refreshing native plugins compatible for Editor in 0.23 ms, found 0 plugins.
Preloading 0 native plugins for Editor in 0.00 ms.
Invoked RoslynAnalysisRunner static constructor.
RoslynAnalysisRunner will not be running.
RoslynAnalysisRunner has terminated.
Mono: successfully reloaded assembly
- Completed reload, in  0.817 seconds
Platform modules already initialized, skipping
========================================================================
Worker process is ready to serve import requests
Launched and connected shader compiler UnityShaderCompiler.exe after 0.11 seconds
Refreshing native plugins compatible for Editor in 0.26 ms, found 0 plugins.
Preloading 0 native plugins for Editor in 0.00 ms.
Unloading 1110 Unused Serialized files (Serialized files now loaded: 0)
System memory in use before: 63.0 MB.
System memory in use after: 63.0 MB.

Unloading 10 unused Assets to reduce memory usage. Loaded Objects now: 1563.
Total: 1.942100 ms (FindLiveObjects: 0.203000 ms CreateObjectMapping: 0.068400 ms MarkObjects: 1.587900 ms  DeleteObjects: 0.081500 ms)

========================================================================
Received Import Request.
  path: Assets/Prefabs/Game_elements/UI.prefab
  artifactKey: Guid(eace40482d248754282c68e1af5c35b1) Importer(815301076,1909f56bfc062723c751e8b465ee728b)
Start importing Assets/Prefabs/Game_elements/UI.prefab using Guid(eace40482d248754282c68e1af5c35b1) Importer(815301076,1909f56bfc062723c751e8b465ee728b)  -> (artifact id: 'e104e0c088a3b70ab9667567c739b817') in 0.052407 seconds
  Import took 0.054476 seconds .

========================================================================
Received Import Request.
  Time since last request: 68.138649 seconds.
  path: Assets/Scenes/lvl2.unity
  artifactKey: Guid(e9ccada9defdb6646964ee719d399d72) Importer(815301076,1909f56bfc062723c751e8b465ee728b)
Start importing Assets/Scenes/lvl2.unity using Guid(e9ccada9defdb6646964ee719d399d72) Importer(815301076,1909f56bfc062723c751e8b465ee728b)  -> (artifact id: 'bddf6dc349707057d65247f520abfc04') in 0.002408 seconds
  Import took 0.005003 seconds .

========================================================================
Received Import Request.
  Time since last request: 1.283903 seconds.
  path: Assets/Scenes/lvl3.unity
  artifactKey: Guid(948bde5b41eccd34fa1da8f7e4d82e4b) Importer(815301076,1909f56bfc062723c751e8b465ee728b)
Start importing Assets/Scenes/lvl3.unity using Guid(948bde5b41eccd34fa1da8f7e4d82e4b) Importer(815301076,1909f56bfc062723c751e8b465ee728b)  -> (artifact id: 'a45df343559c62e22138a774e654588e') in 0.001415 seconds
  Import took 0.003131 seconds .

========================================================================
Received Import Request.
  Time since last request: 71.244396 seconds.
  path: Assets/Scenes/Labirinth.unity
  artifactKey: Guid(8663a70dbaa0d2b47b00fc5c210f59d1) Importer(815301076,1909f56bfc062723c751e8b465ee728b)
Start importing Assets/Scenes/Labirinth.unity using Guid(8663a70dbaa0d2b47b00fc5c210f59d1) Importer(815301076,1909f56bfc062723c751e8b465ee728b)  -> (artifact id: '67aabf392681cad7e4f6af0aca74a9f1') in 0.001678 seconds
  Import took 0.003582 seconds .

========================================================================
Received Import Request.
  Time since last request: 73.046458 seconds.
  path: Assets/Scenes/Guide.unity
  artifactKey: Guid(b63b35741b3802d419d24899059ef29e) Importer(815301076,1909f56bfc062723c751e8b465ee728b)
Start importing Assets/Scenes/Guide.unity using Guid(b63b35741b3802d419d24899059ef29e) Importer(815301076,1909f56bfc062723c751e8b465ee728b)  -> (artifact id: 'b8430d90a98287d2658cf3e2815d923b') in 0.001686 seconds
  Import took 0.003804 seconds .

========================================================================
Received Import Request.
  Time since last request: 29.712279 seconds.
  path: Assets/Scenes/Labirinth.unity
  artifactKey: Guid(8663a70dbaa0d2b47b00fc5c210f59d1) Importer(815301076,1909f56bfc062723c751e8b465ee728b)
Start importing Assets/Scenes/Labirinth.unity using Guid(8663a70dbaa0d2b47b00fc5c210f59d1) Importer(815301076,1909f56bfc062723c751e8b465ee728b)  -> (artifact id: '7231783cc6c81faae45260ae68374d6f') in 0.001521 seconds
  Import took 0.003453 seconds .

AssetImportWorkerClient::OnTransportError - code=2 error=End of file
