Using pre-set license
Built from '2020.2/staging' branch; Version is '2020.2.3f1 (8ff31bc5bf5b) revision 9433883'; Using compiler version '192528614'; Build Type 'Release'
OS: 'Windows 10 Home; OS build 19042.928; Version 2009; 64bit' Language: 'hu' Physical Memory: 16231 MB
BatchMode: 1, IsHumanControllingUs: 0, StartBugReporterOnCrash: 0, Is64bit: 1, IsPro: 0

 COMMAND LINE ARGUMENTS:
D:\programok\unity\2020.2.3f1\Editor\Unity.exe
-adb2
-batchMode
-noUpm
-name
AssetImportWorker0
-projectPath
D:/3Djatek_repo/3D_Jatek/Bead_project
-logFile
Logs/AssetImportWorker0.log
-srvPort
53426
Successfully changed project path to: D:/3Djatek_repo/3D_Jatek/Bead_project
D:/3Djatek_repo/3D_Jatek/Bead_project
Using Asset Import Pipeline V2.
Refreshing native plugins compatible for Editor in 22.28 ms, found 0 plugins.
Preloading 0 native plugins for Editor in 0.00 ms.
Initialize engine version: 2020.2.3f1 (8ff31bc5bf5b)
[Subsystems] Discovering subsystems at path D:/programok/unity/2020.2.3f1/Editor/Data/Resources/UnitySubsystems
[Subsystems] Discovering subsystems at path D:/3Djatek_repo/3D_Jatek/Bead_project/Assets
GfxDevice: creating device client; threaded=0
Direct3D:
    Version:  Direct3D 11.0 [level 11.1]
    Renderer: NVIDIA GeForce GTX 1050 Ti (ID=0x1c8c)
    Vendor:   
    VRAM:     4018 MB
    Driver:   27.21.14.6611
Initialize mono
Mono path[0] = 'D:/programok/unity/2020.2.3f1/Editor/Data/Managed'
Mono path[1] = 'D:/programok/unity/2020.2.3f1/Editor/Data/MonoBleedingEdge/lib/mono/unityjit'
Mono config path = 'D:/programok/unity/2020.2.3f1/Editor/Data/MonoBleedingEdge/etc'
Using monoOptions --debugger-agent=transport=dt_socket,embedding=1,server=y,suspend=n,address=127.0.0.1:56000
Begin MonoManager ReloadAssembly
Registering precompiled unity dll's ...
Register platform support module: D:/programok/unity/2020.2.3f1/Editor/Data/PlaybackEngines/WindowsStandaloneSupport/UnityEditor.WindowsStandalone.Extensions.dll
Registered in 0.001715 seconds.
Native extension for WindowsStandalone target not found
Refreshing native plugins compatible for Editor in 22.54 ms, found 0 plugins.
Preloading 0 native plugins for Editor in 0.00 ms.
Invoked RoslynAnalysisRunner static constructor.
RoslynAnalysisRunner will not be running.
RoslynAnalysisRunner has terminated.
Mono: successfully reloaded assembly
- Completed reload, in  0.942 seconds
Platform modules already initialized, skipping
Registering precompiled user dll's ...
Registered in 0.000603 seconds.
Begin MonoManager ReloadAssembly
Native extension for WindowsStandalone target not found
Refreshing native plugins compatible for Editor in 0.29 ms, found 0 plugins.
Preloading 0 native plugins for Editor in 0.00 ms.
Invoked RoslynAnalysisRunner static constructor.
RoslynAnalysisRunner will not be running.
RoslynAnalysisRunner has terminated.
Mono: successfully reloaded assembly
- Completed reload, in  0.814 seconds
Platform modules already initialized, skipping
========================================================================
Worker process is ready to serve import requests
Launched and connected shader compiler UnityShaderCompiler.exe after 0.13 seconds
Refreshing native plugins compatible for Editor in 0.22 ms, found 0 plugins.
Preloading 0 native plugins for Editor in 0.00 ms.
Unloading 1103 Unused Serialized files (Serialized files now loaded: 0)
System memory in use before: 57.0 MB.
System memory in use after: 57.0 MB.

Unloading 10 unused Assets to reduce memory usage. Loaded Objects now: 1546.
Total: 2.096600 ms (FindLiveObjects: 0.153400 ms CreateObjectMapping: 0.038900 ms MarkObjects: 1.820800 ms  DeleteObjects: 0.082000 ms)

========================================================================
Received Import Request.
  path: Assets/scripts/New Physic Material.physicMaterial
  artifactKey: Guid(d54ed81eeda5b0a4c99aef24e86f5b59) Importer(815301076,1909f56bfc062723c751e8b465ee728b)
Start importing Assets/scripts/New Physic Material.physicMaterial using Guid(d54ed81eeda5b0a4c99aef24e86f5b59) Importer(815301076,1909f56bfc062723c751e8b465ee728b)  -> (artifact id: '69a72b4b2a8fbae8746c7b922d4dc1b7') in 0.033165 seconds
  Import took 0.043042 seconds .

========================================================================
Received Import Request.
  Time since last request: 153.577792 seconds.
  path: Assets/Models/Free Low Poly Gold/Gold-18.obj
  artifactKey: Guid(84a68b7442039d24f873539622ea3c83) Importer(815301076,1909f56bfc062723c751e8b465ee728b)
Start importing Assets/Models/Free Low Poly Gold/Gold-18.obj using Guid(84a68b7442039d24f873539622ea3c83) Importer(815301076,1909f56bfc062723c751e8b465ee728b)  -> (artifact id: '6ef2c72cd3a0873631f8920d59c12fce') in 0.197829 seconds
  Import took 0.227124 seconds .

========================================================================
Received Import Request.
  Time since last request: 0.003139 seconds.
  path: Assets/Models/Free Low Poly Gold/Gold-15.obj
  artifactKey: Guid(cd44b1ae5f9b6884d9e523ca797d4d2b) Importer(815301076,1909f56bfc062723c751e8b465ee728b)
Start importing Assets/Models/Free Low Poly Gold/Gold-15.obj using Guid(cd44b1ae5f9b6884d9e523ca797d4d2b) Importer(815301076,1909f56bfc062723c751e8b465ee728b)  -> (artifact id: 'e0ab0bedae6e2f5faf6d9dba35d9fd98') in 0.042198 seconds
  Import took 0.225716 seconds .

========================================================================
Received Import Request.
  Time since last request: 0.003078 seconds.
  path: Assets/Models/Free Low Poly Gold/Gold-12.obj
  artifactKey: Guid(26705103aadbd4246a2925886ca2423b) Importer(815301076,1909f56bfc062723c751e8b465ee728b)
Start importing Assets/Models/Free Low Poly Gold/Gold-12.obj using Guid(26705103aadbd4246a2925886ca2423b) Importer(815301076,1909f56bfc062723c751e8b465ee728b)  -> (artifact id: 'fdef52c746c208863581a0c4abd00c76') in 0.170598 seconds
  Import took 0.199355 seconds .

========================================================================
Received Import Request.
  Time since last request: 0.003919 seconds.
  path: Assets/Models/Free Low Poly Gold/Gold-13.obj
  artifactKey: Guid(58b6da9767c493a409a8cb20ce2682bb) Importer(815301076,1909f56bfc062723c751e8b465ee728b)
Start importing Assets/Models/Free Low Poly Gold/Gold-13.obj using Guid(58b6da9767c493a409a8cb20ce2682bb) Importer(815301076,1909f56bfc062723c751e8b465ee728b)  -> (artifact id: '9e3beb4abc04bf3dd33c08c1640f36ae') in 0.049761 seconds
  Import took 0.066735 seconds .

========================================================================
Received Import Request.
  Time since last request: 0.004541 seconds.
  path: Assets/Models/Free Low Poly Gold/Gold-06.obj
  artifactKey: Guid(4c9c74319429ecd4ca525b25cb4cdc27) Importer(815301076,1909f56bfc062723c751e8b465ee728b)
Start importing Assets/Models/Free Low Poly Gold/Gold-06.obj using Guid(4c9c74319429ecd4ca525b25cb4cdc27) Importer(815301076,1909f56bfc062723c751e8b465ee728b)  -> (artifact id: 'f76af4164409166c030900bcb0e7c24d') in 0.037906 seconds
  Import took 0.055620 seconds .

========================================================================
Received Import Request.
  Time since last request: 0.005574 seconds.
  path: Assets/Models/Free Low Poly Gold/Gold-09.obj
  artifactKey: Guid(5fac4f18c38471a4a8660f81609cc83a) Importer(815301076,1909f56bfc062723c751e8b465ee728b)
Start importing Assets/Models/Free Low Poly Gold/Gold-09.obj using Guid(5fac4f18c38471a4a8660f81609cc83a) Importer(815301076,1909f56bfc062723c751e8b465ee728b)  -> (artifact id: '91bde5f376ac6d201184351b763db6f6') in 0.070355 seconds
  Import took 0.122180 seconds .

========================================================================
Received Import Request.
  Time since last request: 0.033804 seconds.
  path: Assets/Models/Free Low Poly Gold/Gold-14.obj
  artifactKey: Guid(0522fb5a7077f8444899ce4a63202867) Importer(815301076,1909f56bfc062723c751e8b465ee728b)
Start importing Assets/Models/Free Low Poly Gold/Gold-14.obj using Guid(0522fb5a7077f8444899ce4a63202867) Importer(815301076,1909f56bfc062723c751e8b465ee728b)  -> (artifact id: 'b40fcbbe5e18c3770c1477cd9c0b5f09') in 0.035600 seconds
  Import took 0.057690 seconds .

========================================================================
Received Import Request.
  Time since last request: 0.010816 seconds.
  path: Assets/Models/Free Low Poly Gold/Gold-10.obj
  artifactKey: Guid(a49816ed23ca8dc4b869830bc663ec78) Importer(815301076,1909f56bfc062723c751e8b465ee728b)
Start importing Assets/Models/Free Low Poly Gold/Gold-10.obj using Guid(a49816ed23ca8dc4b869830bc663ec78) Importer(815301076,1909f56bfc062723c751e8b465ee728b)  -> (artifact id: 'e21c93aa219a970a17c37e4e650192ed') in 0.064708 seconds
  Import took 0.097067 seconds .

========================================================================
Received Import Request.
  Time since last request: 0.013028 seconds.
  path: Assets/Models/Free Low Poly Gold/Gold-19.fbx
  artifactKey: Guid(73172cd36896b0a419768fecaf2f1cb9) Importer(815301076,1909f56bfc062723c751e8b465ee728b)
Start importing Assets/Models/Free Low Poly Gold/Gold-19.fbx using Guid(73172cd36896b0a419768fecaf2f1cb9) Importer(815301076,1909f56bfc062723c751e8b465ee728b)  -> (artifact id: '272a69be5a5744b306ee1812dd0e4607') in 0.034770 seconds
  Import took 0.058600 seconds .

========================================================================
Received Import Request.
  Time since last request: 0.010161 seconds.
  path: Assets/Models/Free Low Poly Gold/Gold-20.fbx
  artifactKey: Guid(d013c0a6df6ad2d42982701b14a70aaf) Importer(815301076,1909f56bfc062723c751e8b465ee728b)
Start importing Assets/Models/Free Low Poly Gold/Gold-20.fbx using Guid(d013c0a6df6ad2d42982701b14a70aaf) Importer(815301076,1909f56bfc062723c751e8b465ee728b)  -> (artifact id: '936a9cb68fae6c3f8f947cff0b43f648') in 0.055055 seconds
  Import took 0.099978 seconds .

========================================================================
Received Import Request.
  Time since last request: 0.004344 seconds.
  path: Assets/Models/Free Low Poly Gold/Gold-18.fbx
  artifactKey: Guid(47be1a77f16a56440beead8edd9cdd4a) Importer(815301076,1909f56bfc062723c751e8b465ee728b)
Start importing Assets/Models/Free Low Poly Gold/Gold-18.fbx using Guid(47be1a77f16a56440beead8edd9cdd4a) Importer(815301076,1909f56bfc062723c751e8b465ee728b)  -> (artifact id: '5365f5cf352c91754a58e4908a69840e') in 0.047371 seconds
  Import took 0.142090 seconds .

========================================================================
Received Import Request.
  Time since last request: 0.003284 seconds.
  path: Assets/Models/Free Low Poly Gold/Gold-05.obj
  artifactKey: Guid(3d0abd123dfa63143a522a0a2dcb9aa5) Importer(815301076,1909f56bfc062723c751e8b465ee728b)
Start importing Assets/Models/Free Low Poly Gold/Gold-05.obj using Guid(3d0abd123dfa63143a522a0a2dcb9aa5) Importer(815301076,1909f56bfc062723c751e8b465ee728b)  -> (artifact id: '764b67df8a7d789344f99a662a4f8441') in 0.091462 seconds
  Import took 0.136770 seconds .

========================================================================
Received Import Request.
  Time since last request: 0.007208 seconds.
  path: Assets/Models/Free Low Poly Gold/Gold-09.fbx
  artifactKey: Guid(c04426ed0ed0f134cb4969cf3f6c933a) Importer(815301076,1909f56bfc062723c751e8b465ee728b)
Start importing Assets/Models/Free Low Poly Gold/Gold-09.fbx using Guid(c04426ed0ed0f134cb4969cf3f6c933a) Importer(815301076,1909f56bfc062723c751e8b465ee728b)  -> (artifact id: 'fb3699be62517dd30ffe0818dc6e8676') in 0.032639 seconds
  Import took 0.111810 seconds .

========================================================================
Received Import Request.
  Time since last request: 0.003706 seconds.
  path: Assets/Models/Free Low Poly Gold/Gold-08.fbx
  artifactKey: Guid(cca73eff5a427304ea8c87277a1a0a60) Importer(815301076,1909f56bfc062723c751e8b465ee728b)
Start importing Assets/Models/Free Low Poly Gold/Gold-08.fbx using Guid(cca73eff5a427304ea8c87277a1a0a60) Importer(815301076,1909f56bfc062723c751e8b465ee728b)  -> (artifact id: 'fd639f130e8b48154e7c8b5ff56fa4c8') in 0.078357 seconds
  Import took 0.113876 seconds .

========================================================================
Received Import Request.
  Time since last request: 0.004254 seconds.
  path: Assets/Models/Free Low Poly Gold/Gold-06.fbx
  artifactKey: Guid(071a5a0130fd333429c3a6427b241b9b) Importer(815301076,1909f56bfc062723c751e8b465ee728b)
Start importing Assets/Models/Free Low Poly Gold/Gold-06.fbx using Guid(071a5a0130fd333429c3a6427b241b9b) Importer(815301076,1909f56bfc062723c751e8b465ee728b)  -> (artifact id: '44b3fb75b05bec389fa384cfd817f03d') in 0.035272 seconds
  Import took 0.078404 seconds .

========================================================================
Received Import Request.
  Time since last request: 0.007935 seconds.
  path: Assets/Models/Free Low Poly Gold/Gold-07.fbx
  artifactKey: Guid(a98ee6d50cdcc3a418be9ca14ebf591e) Importer(815301076,1909f56bfc062723c751e8b465ee728b)
Start importing Assets/Models/Free Low Poly Gold/Gold-07.fbx using Guid(a98ee6d50cdcc3a418be9ca14ebf591e) Importer(815301076,1909f56bfc062723c751e8b465ee728b)  -> (artifact id: '410f905217c442464a671a1922319880') in 0.038386 seconds
  Import took 0.063806 seconds .

========================================================================
Received Import Request.
  Time since last request: 0.004918 seconds.
  path: Assets/Models/Free Low Poly Gold/Gold-04.fbx
  artifactKey: Guid(dfc16b89e8281ad4e9d2cba71655a0b2) Importer(815301076,1909f56bfc062723c751e8b465ee728b)
Start importing Assets/Models/Free Low Poly Gold/Gold-04.fbx using Guid(dfc16b89e8281ad4e9d2cba71655a0b2) Importer(815301076,1909f56bfc062723c751e8b465ee728b)  -> (artifact id: '91446bdd5b89348156b222c7bd8f5751') in 0.038555 seconds
  Import took 0.085011 seconds .

========================================================================
Received Import Request.
  Time since last request: 0.007338 seconds.
  path: Assets/Models/Free Low Poly Gold/Gold-17.fbx
  artifactKey: Guid(b25c36e88c731dc479b3620283fb63a9) Importer(815301076,1909f56bfc062723c751e8b465ee728b)
Start importing Assets/Models/Free Low Poly Gold/Gold-17.fbx using Guid(b25c36e88c731dc479b3620283fb63a9) Importer(815301076,1909f56bfc062723c751e8b465ee728b)  -> (artifact id: '3c0e0b57eb368edc15be17063b26f63b') in 0.035297 seconds
  Import took 0.065482 seconds .

========================================================================
Received Import Request.
  Time since last request: 0.004344 seconds.
  path: Assets/Models/Free Low Poly Gold/Gold-03.fbx
  artifactKey: Guid(8b96856180d36584596257b00c97bb04) Importer(815301076,1909f56bfc062723c751e8b465ee728b)
Start importing Assets/Models/Free Low Poly Gold/Gold-03.fbx using Guid(8b96856180d36584596257b00c97bb04) Importer(815301076,1909f56bfc062723c751e8b465ee728b)  -> (artifact id: '5a22f87ee82a4e92754d69e9df32b5ab') in 0.069938 seconds
  Import took 0.110113 seconds .

========================================================================
Received Import Request.
  Time since last request: 0.004156 seconds.
  path: Assets/Models/Free Low Poly Gold/Crate-00.obj
  artifactKey: Guid(f2e5b4127d5ab914c934382ce176bf40) Importer(815301076,1909f56bfc062723c751e8b465ee728b)
Start importing Assets/Models/Free Low Poly Gold/Crate-00.obj using Guid(f2e5b4127d5ab914c934382ce176bf40) Importer(815301076,1909f56bfc062723c751e8b465ee728b)  -> (artifact id: 'be0e88848f0a8df759491172ca508580') in 0.056173 seconds
  Import took 0.120004 seconds .

========================================================================
Received Import Request.
  Time since last request: 0.007699 seconds.
  path: Assets/Models/Free Low Poly Gold/Crate-05.fbx
  artifactKey: Guid(5b6d5dd1978d983429490dd44e356acb) Importer(815301076,1909f56bfc062723c751e8b465ee728b)
Start importing Assets/Models/Free Low Poly Gold/Crate-05.fbx using Guid(5b6d5dd1978d983429490dd44e356acb) Importer(815301076,1909f56bfc062723c751e8b465ee728b)  -> (artifact id: 'cec53020c2e25d6d8ac9795eeafcb0ee') in 0.062625 seconds
  Import took 0.137749 seconds .

========================================================================
Received Import Request.
  Time since last request: 0.004756 seconds.
  path: Assets/Models/Free Low Poly Gold/Crate-01.fbx
  artifactKey: Guid(35e20475648c16c44aa1510bc9e9431a) Importer(815301076,1909f56bfc062723c751e8b465ee728b)
Start importing Assets/Models/Free Low Poly Gold/Crate-01.fbx using Guid(35e20475648c16c44aa1510bc9e9431a) Importer(815301076,1909f56bfc062723c751e8b465ee728b)  -> (artifact id: 'dac98528435351f9b03fcc80613c6ee8') in 0.035102 seconds
  Import took 0.061816 seconds .

========================================================================
Received Import Request.
  Time since last request: 0.003459 seconds.
  path: Assets/Models/Free Low Poly Gold/Crate-02.fbx
  artifactKey: Guid(e29e91b38256d2e408cb5cc7d6209036) Importer(815301076,1909f56bfc062723c751e8b465ee728b)
Start importing Assets/Models/Free Low Poly Gold/Crate-02.fbx using Guid(e29e91b38256d2e408cb5cc7d6209036) Importer(815301076,1909f56bfc062723c751e8b465ee728b)  -> (artifact id: '0b998c613fc20d5bbdbbf5f4614fc3eb') in 0.052530 seconds
  Import took 0.094012 seconds .

========================================================================
Received Import Request.
  Time since last request: 0.004033 seconds.
  path: Assets/Models/Free Low Poly Gold/Crate-04.fbx
  artifactKey: Guid(f38cca2e357353b4a92d95978977cdce) Importer(815301076,1909f56bfc062723c751e8b465ee728b)
Start importing Assets/Models/Free Low Poly Gold/Crate-04.fbx using Guid(f38cca2e357353b4a92d95978977cdce) Importer(815301076,1909f56bfc062723c751e8b465ee728b)  -> (artifact id: 'a3211a8b19b7c186366fe965becd3883') in 0.040167 seconds
  Import took 0.103726 seconds .

========================================================================
Received Import Request.
  Time since last request: 0.003618 seconds.
  path: Assets/Models/Free Low Poly Gold/Crate-03.fbx
  artifactKey: Guid(6d13f950efa6d11469606da634c58f76) Importer(815301076,1909f56bfc062723c751e8b465ee728b)
Start importing Assets/Models/Free Low Poly Gold/Crate-03.fbx using Guid(6d13f950efa6d11469606da634c58f76) Importer(815301076,1909f56bfc062723c751e8b465ee728b)  -> (artifact id: '95923e5786365bbf9bb37b1a97afb45d') in 0.052465 seconds
  Import took 0.415567 seconds .

========================================================================
Received Import Request.
  Time since last request: 0.011925 seconds.
  path: Assets/Models/Free Low Poly Gold/Crate-00.fbx
  artifactKey: Guid(6360a9694c91dbe49922d2e4256567f5) Importer(815301076,1909f56bfc062723c751e8b465ee728b)
Start importing Assets/Models/Free Low Poly Gold/Crate-00.fbx using Guid(6360a9694c91dbe49922d2e4256567f5) Importer(815301076,1909f56bfc062723c751e8b465ee728b)  -> (artifact id: 'fcf21dc6c37b0726525c6b08540ff616') in 0.034176 seconds
  Import took 0.266471 seconds .

========================================================================
Received Import Request.
  Time since last request: 0.013648 seconds.
  path: Assets/Models/Free Low Poly Gold/Crate-02.obj
  artifactKey: Guid(d1b072c6c9a20234ea88cb4b255f5b0c) Importer(815301076,1909f56bfc062723c751e8b465ee728b)
Start importing Assets/Models/Free Low Poly Gold/Crate-02.obj using Guid(d1b072c6c9a20234ea88cb4b255f5b0c) Importer(815301076,1909f56bfc062723c751e8b465ee728b)  -> (artifact id: 'f7e46ee15bef7384f993d362760d0a36') in 0.038112 seconds
  Import took 0.135875 seconds .

========================================================================
Received Import Request.
  Time since last request: 0.026652 seconds.
  path: Assets/Models/Free Low Poly Gold/Gold-05.fbx
  artifactKey: Guid(e0701940faba27b499d7665d84074f23) Importer(815301076,1909f56bfc062723c751e8b465ee728b)
Start importing Assets/Models/Free Low Poly Gold/Gold-05.fbx using Guid(e0701940faba27b499d7665d84074f23) Importer(815301076,1909f56bfc062723c751e8b465ee728b)  -> (artifact id: '555f21f8314b6f996728e10a8f4a30a0') in 0.034710 seconds
  Import took 0.066017 seconds .

========================================================================
Received Import Request.
  Time since last request: 0.016187 seconds.
  path: Assets/Models/Free Low Poly Gold/Gold-12.fbx
  artifactKey: Guid(40fba8e13e35a474c89f46e25d2ee980) Importer(815301076,1909f56bfc062723c751e8b465ee728b)
Start importing Assets/Models/Free Low Poly Gold/Gold-12.fbx using Guid(40fba8e13e35a474c89f46e25d2ee980) Importer(815301076,1909f56bfc062723c751e8b465ee728b)  -> (artifact id: '1cda9d80a9c00e56367bda3f47c0c8cf') in 0.035513 seconds
  Import took 0.366422 seconds .

========================================================================
Received Import Request.
  Time since last request: 0.006430 seconds.
  path: Assets/Models/Free Low Poly Gold/Gold-04.obj
  artifactKey: Guid(c955298e1e1771a4fbef5cdff6f6a79e) Importer(815301076,1909f56bfc062723c751e8b465ee728b)
Start importing Assets/Models/Free Low Poly Gold/Gold-04.obj using Guid(c955298e1e1771a4fbef5cdff6f6a79e) Importer(815301076,1909f56bfc062723c751e8b465ee728b)  -> (artifact id: 'f0a19a597dbea778b2f1f4bac6a8e6c1') in 0.038013 seconds
  Import took 0.065585 seconds .

========================================================================
Received Import Request.
  Time since last request: 0.004788 seconds.
  path: Assets/Models/Free Low Poly Gold/Gold-10.fbx
  artifactKey: Guid(b34a6517adb2458468b0cf60faabf69e) Importer(815301076,1909f56bfc062723c751e8b465ee728b)
Start importing Assets/Models/Free Low Poly Gold/Gold-10.fbx using Guid(b34a6517adb2458468b0cf60faabf69e) Importer(815301076,1909f56bfc062723c751e8b465ee728b)  -> (artifact id: 'ab7a71963ad95957ab1d9d399b9c528a') in 0.035941 seconds
  Import took 0.235732 seconds .

========================================================================
Received Import Request.
  Time since last request: 0.026829 seconds.
  path: Assets/Models/Free Low Poly Gold/Gold-11.obj
  artifactKey: Guid(fb64c7a46034fe0428bfbf48fb80b685) Importer(815301076,1909f56bfc062723c751e8b465ee728b)
Start importing Assets/Models/Free Low Poly Gold/Gold-11.obj using Guid(fb64c7a46034fe0428bfbf48fb80b685) Importer(815301076,1909f56bfc062723c751e8b465ee728b)  -> (artifact id: 'fe9c15fc0f9198aada003d913881fc93') in 0.037649 seconds
  Import took 0.322969 seconds .

========================================================================
Received Import Request.
  Time since last request: 0.024959 seconds.
  path: Assets/Models/Free Low Poly Gold/Gold-14.fbx
  artifactKey: Guid(f38a72f46bc7c064db11e1821785b8e2) Importer(815301076,1909f56bfc062723c751e8b465ee728b)
Start importing Assets/Models/Free Low Poly Gold/Gold-14.fbx using Guid(f38a72f46bc7c064db11e1821785b8e2) Importer(815301076,1909f56bfc062723c751e8b465ee728b)  -> (artifact id: 'b1feaa20341db4b13238a3bddf7acb2c') in 0.077289 seconds
  Import took 0.116259 seconds .

========================================================================
Received Import Request.
  Time since last request: 0.004261 seconds.
  path: Assets/Models/Free Low Poly Gold/Gold-03.obj
  artifactKey: Guid(dae876be894d2874ba2f93bfcffadeb0) Importer(815301076,1909f56bfc062723c751e8b465ee728b)
Start importing Assets/Models/Free Low Poly Gold/Gold-03.obj using Guid(dae876be894d2874ba2f93bfcffadeb0) Importer(815301076,1909f56bfc062723c751e8b465ee728b)  -> (artifact id: '4c20c7e466a32e9dc382bb2855631f37') in 0.050462 seconds
  Import took 0.134216 seconds .

========================================================================
Received Import Request.
  Time since last request: 0.006390 seconds.
  path: Assets/Models/Free Low Poly Gold/Gold-11.fbx
  artifactKey: Guid(9cbcb069958b21f43926502341f1a575) Importer(815301076,1909f56bfc062723c751e8b465ee728b)
Start importing Assets/Models/Free Low Poly Gold/Gold-11.fbx using Guid(9cbcb069958b21f43926502341f1a575) Importer(815301076,1909f56bfc062723c751e8b465ee728b)  -> (artifact id: '7683cec4cce6b32bbbd4675f36caa2e7') in 0.167442 seconds
  Import took 0.256202 seconds .

========================================================================
Received Import Request.
  Time since last request: 0.007465 seconds.
  path: Assets/Models/Free Low Poly Gold/Gold-08.obj
  artifactKey: Guid(d030e859c9ee3a0429055f43a1bfa310) Importer(815301076,1909f56bfc062723c751e8b465ee728b)
Start importing Assets/Models/Free Low Poly Gold/Gold-08.obj using Guid(d030e859c9ee3a0429055f43a1bfa310) Importer(815301076,1909f56bfc062723c751e8b465ee728b)  -> (artifact id: 'de3be0957c13397fc2e1e4031ef74d62') in 0.038515 seconds
  Import took 0.167216 seconds .

========================================================================
Received Import Request.
  Time since last request: 0.004993 seconds.
  path: Assets/Models/Free Low Poly Gold/Gold-16.obj
  artifactKey: Guid(819fc9deb23d1bd4b84fa0527c7c3494) Importer(815301076,1909f56bfc062723c751e8b465ee728b)
Start importing Assets/Models/Free Low Poly Gold/Gold-16.obj using Guid(819fc9deb23d1bd4b84fa0527c7c3494) Importer(815301076,1909f56bfc062723c751e8b465ee728b)  -> (artifact id: 'fb2ee8d933eed0fd306662fbbc0d3458') in 0.040639 seconds
  Import took 0.332387 seconds .

========================================================================
Received Import Request.
  Time since last request: 0.003760 seconds.
  path: Assets/Models/Free Low Poly Gold/Gold-19.obj
  artifactKey: Guid(20d530a1e9a4b7448bfc91a637a8a333) Importer(815301076,1909f56bfc062723c751e8b465ee728b)
Start importing Assets/Models/Free Low Poly Gold/Gold-19.obj using Guid(20d530a1e9a4b7448bfc91a637a8a333) Importer(815301076,1909f56bfc062723c751e8b465ee728b)  -> (artifact id: 'de1365af46b883ac53669a9bec18a82a') in 0.038796 seconds
  Import took 0.239362 seconds .

========================================================================
Received Import Request.
  Time since last request: 0.005460 seconds.
  path: Assets/Models/Free Low Poly Gold/Crate-05.obj
  artifactKey: Guid(f31ccf49ea95d754788f9ec6376cf20b) Importer(815301076,1909f56bfc062723c751e8b465ee728b)
Start importing Assets/Models/Free Low Poly Gold/Crate-05.obj using Guid(f31ccf49ea95d754788f9ec6376cf20b) Importer(815301076,1909f56bfc062723c751e8b465ee728b)  -> (artifact id: '2ab631eb1d6fc2d7d4282738a70c891a') in 0.045757 seconds
  Import took 0.156463 seconds .

========================================================================
Received Import Request.
  Time since last request: 0.005959 seconds.
  path: Assets/Models/Free Low Poly Gold/Gold-20.obj
  artifactKey: Guid(a1de1df61e9a21d4690d7b3955dd1770) Importer(815301076,1909f56bfc062723c751e8b465ee728b)
Start importing Assets/Models/Free Low Poly Gold/Gold-20.obj using Guid(a1de1df61e9a21d4690d7b3955dd1770) Importer(815301076,1909f56bfc062723c751e8b465ee728b)  -> (artifact id: 'c155b466b4667ed59efe2a0f8287ecbc') in 0.039462 seconds
  Import took 0.148732 seconds .

========================================================================
Received Import Request.
  Time since last request: 0.003999 seconds.
  path: Assets/Models/Free Low Poly Gold/Crate-01.obj
  artifactKey: Guid(88bbf9a9945506741b9cca80a1d40f77) Importer(815301076,1909f56bfc062723c751e8b465ee728b)
Start importing Assets/Models/Free Low Poly Gold/Crate-01.obj using Guid(88bbf9a9945506741b9cca80a1d40f77) Importer(815301076,1909f56bfc062723c751e8b465ee728b)  -> (artifact id: '4ddec5f10d8bccd08c80568b7c5b34aa') in 0.093442 seconds
  Import took 0.260128 seconds .

========================================================================
Received Import Request.
  Time since last request: 0.004533 seconds.
  path: Assets/Models/Free Low Poly Gold/Gold-15.fbx
  artifactKey: Guid(594432bfeb88e0b43934d263554cca5a) Importer(815301076,1909f56bfc062723c751e8b465ee728b)
Start importing Assets/Models/Free Low Poly Gold/Gold-15.fbx using Guid(594432bfeb88e0b43934d263554cca5a) Importer(815301076,1909f56bfc062723c751e8b465ee728b)  -> (artifact id: 'cb576d95aae0c8b6bf870a520f647d1f') in 0.034930 seconds
  Import took 0.064195 seconds .

========================================================================
Received Import Request.
  Time since last request: 0.003876 seconds.
  path: Assets/Models/Free Low Poly Gold/Gold-16.fbx
  artifactKey: Guid(2cf4de53ca120b14aa516486be55bd2c) Importer(815301076,1909f56bfc062723c751e8b465ee728b)
Start importing Assets/Models/Free Low Poly Gold/Gold-16.fbx using Guid(2cf4de53ca120b14aa516486be55bd2c) Importer(815301076,1909f56bfc062723c751e8b465ee728b)  -> (artifact id: '350b859735b01bb3ec18b891c2a66f93') in 0.039988 seconds
  Import took 0.474245 seconds .

========================================================================
Received Import Request.
  Time since last request: 0.005959 seconds.
  path: Assets/Models/Free Low Poly Gold/Crate-04.obj
  artifactKey: Guid(35f71336ddd1f744fa054c3160b7e695) Importer(815301076,1909f56bfc062723c751e8b465ee728b)
Start importing Assets/Models/Free Low Poly Gold/Crate-04.obj using Guid(35f71336ddd1f744fa054c3160b7e695) Importer(815301076,1909f56bfc062723c751e8b465ee728b)  -> (artifact id: '48a0064eb4211f0c237f23f6c3d2f809') in 0.058967 seconds
  Import took 0.311338 seconds .

========================================================================
Received Import Request.
  Time since last request: 0.009434 seconds.
  path: Assets/Models/Free Low Poly Gold/Crate-03.obj
  artifactKey: Guid(ca6940df1adb481458e81f57afa9a286) Importer(815301076,1909f56bfc062723c751e8b465ee728b)
Start importing Assets/Models/Free Low Poly Gold/Crate-03.obj using Guid(ca6940df1adb481458e81f57afa9a286) Importer(815301076,1909f56bfc062723c751e8b465ee728b)  -> (artifact id: 'bec5c5a866fc7ccead70a1e842f0f5be') in 0.040181 seconds
  Import took 0.180700 seconds .

========================================================================
Received Import Request.
  Time since last request: 0.024694 seconds.
  path: Assets/Models/Free Low Poly Gold/Gold-07.obj
  artifactKey: Guid(e6f736699b61a5e449a4b863bf5844ab) Importer(815301076,1909f56bfc062723c751e8b465ee728b)
Start importing Assets/Models/Free Low Poly Gold/Gold-07.obj using Guid(e6f736699b61a5e449a4b863bf5844ab) Importer(815301076,1909f56bfc062723c751e8b465ee728b)  -> (artifact id: 'c17b2c0ce90cdba09e9610f38bfca468') in 0.042870 seconds
  Import took 0.302522 seconds .

========================================================================
Received Import Request.
  Time since last request: 0.020118 seconds.
  path: Assets/Models/Free Low Poly Gold/Gold-17.obj
  artifactKey: Guid(3291a84e13425a544a1d3d940c03e2b8) Importer(815301076,1909f56bfc062723c751e8b465ee728b)
Start importing Assets/Models/Free Low Poly Gold/Gold-17.obj using Guid(3291a84e13425a544a1d3d940c03e2b8) Importer(815301076,1909f56bfc062723c751e8b465ee728b)  -> (artifact id: '5f7a7987fde58780cd54579ff04ebc75') in 0.050977 seconds
  Import took 0.396857 seconds .

========================================================================
Received Import Request.
  Time since last request: 0.012939 seconds.
  path: Assets/Models/Free Low Poly Gold/Gold-13.fbx
  artifactKey: Guid(0fff78d93f5c6fb4e95d86df034c234f) Importer(815301076,1909f56bfc062723c751e8b465ee728b)
Start importing Assets/Models/Free Low Poly Gold/Gold-13.fbx using Guid(0fff78d93f5c6fb4e95d86df034c234f) Importer(815301076,1909f56bfc062723c751e8b465ee728b)  -> (artifact id: '2815f9f393e1eca5c58a005b508e4f35') in 0.039207 seconds
  Import took 0.081040 seconds .

========================================================================
Received Prepare
Registering precompiled user dll's ...
Registered in 0.000723 seconds.
Begin MonoManager ReloadAssembly
Native extension for WindowsStandalone target not found
Refreshing native plugins compatible for Editor in 0.35 ms, found 0 plugins.
Preloading 0 native plugins for Editor in 0.00 ms.
Invoked RoslynAnalysisRunner static constructor.
RoslynAnalysisRunner will not be running.
RoslynAnalysisRunner has terminated.
Mono: successfully reloaded assembly
- Completed reload, in  0.796 seconds
Platform modules already initialized, skipping
Refreshing native plugins compatible for Editor in 0.21 ms, found 0 plugins.
Preloading 0 native plugins for Editor in 0.00 ms.
Unloading 1098 Unused Serialized files (Serialized files now loaded: 0)
System memory in use before: 60.6 MB.
System memory in use after: 60.7 MB.

Unloading 5 unused Assets to reduce memory usage. Loaded Objects now: 1591.
Total: 2.089500 ms (FindLiveObjects: 0.154400 ms CreateObjectMapping: 0.041300 ms MarkObjects: 1.823300 ms  DeleteObjects: 0.068700 ms)

========================================================================
Received Prepare
Registering precompiled user dll's ...
Registered in 0.000710 seconds.
Begin MonoManager ReloadAssembly
Native extension for WindowsStandalone target not found
Refreshing native plugins compatible for Editor in 0.25 ms, found 0 plugins.
Preloading 0 native plugins for Editor in 0.00 ms.
Invoked RoslynAnalysisRunner static constructor.
RoslynAnalysisRunner will not be running.
RoslynAnalysisRunner has terminated.
Mono: successfully reloaded assembly
- Completed reload, in  0.752 seconds
Platform modules already initialized, skipping
Refreshing native plugins compatible for Editor in 0.24 ms, found 0 plugins.
Preloading 0 native plugins for Editor in 0.00 ms.
Unloading 1098 Unused Serialized files (Serialized files now loaded: 0)
System memory in use before: 60.6 MB.
System memory in use after: 60.7 MB.

Unloading 5 unused Assets to reduce memory usage. Loaded Objects now: 1593.
Total: 1.676400 ms (FindLiveObjects: 0.132600 ms CreateObjectMapping: 0.038600 ms MarkObjects: 1.455000 ms  DeleteObjects: 0.048600 ms)

========================================================================
Received Prepare
Registering precompiled user dll's ...
Registered in 0.000790 seconds.
Begin MonoManager ReloadAssembly
Native extension for WindowsStandalone target not found
Refreshing native plugins compatible for Editor in 0.20 ms, found 0 plugins.
Preloading 0 native plugins for Editor in 0.00 ms.
Invoked RoslynAnalysisRunner static constructor.
RoslynAnalysisRunner will not be running.
RoslynAnalysisRunner has terminated.
Mono: successfully reloaded assembly
- Completed reload, in  0.727 seconds
Platform modules already initialized, skipping
Refreshing native plugins compatible for Editor in 0.22 ms, found 0 plugins.
Preloading 0 native plugins for Editor in 0.00 ms.
Unloading 1098 Unused Serialized files (Serialized files now loaded: 0)
System memory in use before: 60.6 MB.
System memory in use after: 60.7 MB.

Unloading 5 unused Assets to reduce memory usage. Loaded Objects now: 1595.
Total: 1.593300 ms (FindLiveObjects: 0.134100 ms CreateObjectMapping: 0.035200 ms MarkObjects: 1.374800 ms  DeleteObjects: 0.047700 ms)

========================================================================
Received Import Request.
  Time since last request: 281.730008 seconds.
  path: Assets/scripts/New Physic Material.physicMaterial
  artifactKey: Guid(d54ed81eeda5b0a4c99aef24e86f5b59) Importer(815301076,1909f56bfc062723c751e8b465ee728b)
Start importing Assets/scripts/New Physic Material.physicMaterial using Guid(d54ed81eeda5b0a4c99aef24e86f5b59) Importer(815301076,1909f56bfc062723c751e8b465ee728b)  -> (artifact id: 'de23fa5241fae40815dd259891c74b3c') in 0.017464 seconds
  Import took 0.027059 seconds .

========================================================================
Received Prepare
Registering precompiled user dll's ...
Registered in 0.000562 seconds.
Begin MonoManager ReloadAssembly
Native extension for WindowsStandalone target not found
Refreshing native plugins compatible for Editor in 0.34 ms, found 0 plugins.
Preloading 0 native plugins for Editor in 0.00 ms.
Invoked RoslynAnalysisRunner static constructor.
RoslynAnalysisRunner will not be running.
RoslynAnalysisRunner has terminated.
Mono: successfully reloaded assembly
- Completed reload, in  0.725 seconds
Platform modules already initialized, skipping
Refreshing native plugins compatible for Editor in 0.19 ms, found 0 plugins.
Preloading 0 native plugins for Editor in 0.00 ms.
Unloading 1098 Unused Serialized files (Serialized files now loaded: 0)
System memory in use before: 60.6 MB.
System memory in use after: 60.7 MB.

Unloading 5 unused Assets to reduce memory usage. Loaded Objects now: 1597.
Total: 2.159400 ms (FindLiveObjects: 0.163700 ms CreateObjectMapping: 0.058400 ms MarkObjects: 1.877700 ms  DeleteObjects: 0.058400 ms)

========================================================================
Received Prepare
Registering precompiled user dll's ...
Registered in 0.000689 seconds.
Begin MonoManager ReloadAssembly
Native extension for WindowsStandalone target not found
Refreshing native plugins compatible for Editor in 0.20 ms, found 0 plugins.
Preloading 0 native plugins for Editor in 0.00 ms.
Invoked RoslynAnalysisRunner static constructor.
RoslynAnalysisRunner will not be running.
RoslynAnalysisRunner has terminated.
Mono: successfully reloaded assembly
- Completed reload, in  0.789 seconds
Platform modules already initialized, skipping
Refreshing native plugins compatible for Editor in 0.23 ms, found 0 plugins.
Preloading 0 native plugins for Editor in 0.00 ms.
Unloading 1098 Unused Serialized files (Serialized files now loaded: 0)
System memory in use before: 60.7 MB.
System memory in use after: 60.8 MB.

Unloading 5 unused Assets to reduce memory usage. Loaded Objects now: 1599.
Total: 1.779800 ms (FindLiveObjects: 0.119200 ms CreateObjectMapping: 0.036400 ms MarkObjects: 1.574900 ms  DeleteObjects: 0.048400 ms)

========================================================================
Received Prepare
Registering precompiled user dll's ...
Registered in 0.000615 seconds.
Begin MonoManager ReloadAssembly
Native extension for WindowsStandalone target not found
Refreshing native plugins compatible for Editor in 0.20 ms, found 0 plugins.
Preloading 0 native plugins for Editor in 0.00 ms.
Invoked RoslynAnalysisRunner static constructor.
RoslynAnalysisRunner will not be running.
RoslynAnalysisRunner has terminated.
Mono: successfully reloaded assembly
- Completed reload, in  0.736 seconds
Platform modules already initialized, skipping
Refreshing native plugins compatible for Editor in 0.19 ms, found 0 plugins.
Preloading 0 native plugins for Editor in 0.00 ms.
Unloading 1098 Unused Serialized files (Serialized files now loaded: 0)
System memory in use before: 60.7 MB.
System memory in use after: 60.8 MB.

Unloading 5 unused Assets to reduce memory usage. Loaded Objects now: 1601.
Total: 2.008600 ms (FindLiveObjects: 0.199900 ms CreateObjectMapping: 0.047100 ms MarkObjects: 1.684200 ms  DeleteObjects: 0.075100 ms)

========================================================================
Received Import Request.
  Time since last request: 2419.332090 seconds.
  path: Assets/Prefabs/Gold Pickup Effect.prefab
  artifactKey: Guid(2a25f59288d2ca742aff338b71168c9b) Importer(815301076,1909f56bfc062723c751e8b465ee728b)
Start importing Assets/Prefabs/Gold Pickup Effect.prefab using Guid(2a25f59288d2ca742aff338b71168c9b) Importer(815301076,1909f56bfc062723c751e8b465ee728b)  -> (artifact id: 'e9284ba2fdd7488f8fb753e39301de26') in 0.053911 seconds
  Import took 0.083922 seconds .

========================================================================
Received Prepare
Registering precompiled user dll's ...
Registered in 0.001432 seconds.
Begin MonoManager ReloadAssembly
Native extension for WindowsStandalone target not found
Refreshing native plugins compatible for Editor in 0.21 ms, found 0 plugins.
Preloading 0 native plugins for Editor in 0.00 ms.
Invoked RoslynAnalysisRunner static constructor.
RoslynAnalysisRunner will not be running.
RoslynAnalysisRunner has terminated.
Mono: successfully reloaded assembly
- Completed reload, in  2.982 seconds
Platform modules already initialized, skipping
Refreshing native plugins compatible for Editor in 0.19 ms, found 0 plugins.
Preloading 0 native plugins for Editor in 0.00 ms.
Unloading 1098 Unused Serialized files (Serialized files now loaded: 0)
System memory in use before: 60.7 MB.
System memory in use after: 60.8 MB.

Unloading 5 unused Assets to reduce memory usage. Loaded Objects now: 1603.
Total: 2.959300 ms (FindLiveObjects: 0.215000 ms CreateObjectMapping: 0.042000 ms MarkObjects: 2.624500 ms  DeleteObjects: 0.074600 ms)

========================================================================
Received Import Request.
  Time since last request: 148.508668 seconds.
  path: Assets/Prefabs/Gold bar.prefab
  artifactKey: Guid(16d0bf1503e1db945b28d5dff6abcb2f) Importer(815301076,1909f56bfc062723c751e8b465ee728b)
Start importing Assets/Prefabs/Gold bar.prefab using Guid(16d0bf1503e1db945b28d5dff6abcb2f) Importer(815301076,1909f56bfc062723c751e8b465ee728b)  -> (artifact id: '858d83d7bc6468dfecb0d11887ba62c6') in 0.082192 seconds
  Import took 0.094074 seconds .

========================================================================
Received Import Request.
  Time since last request: 29.276149 seconds.
  path: Assets/Prefabs/Gold bar.prefab
  artifactKey: Guid(16d0bf1503e1db945b28d5dff6abcb2f) Importer(815301076,1909f56bfc062723c751e8b465ee728b)
Start importing Assets/Prefabs/Gold bar.prefab using Guid(16d0bf1503e1db945b28d5dff6abcb2f) Importer(815301076,1909f56bfc062723c751e8b465ee728b)  -> (artifact id: '565d856966c276fe273841baa17bbb21') in 0.029508 seconds
  Import took 0.061033 seconds .

========================================================================
Received Prepare
Registering precompiled user dll's ...
Registered in 0.000652 seconds.
Begin MonoManager ReloadAssembly
Native extension for WindowsStandalone target not found
Refreshing native plugins compatible for Editor in 0.27 ms, found 0 plugins.
Preloading 0 native plugins for Editor in 0.00 ms.
Invoked RoslynAnalysisRunner static constructor.
RoslynAnalysisRunner will not be running.
RoslynAnalysisRunner has terminated.
Mono: successfully reloaded assembly
- Completed reload, in  0.784 seconds
Platform modules already initialized, skipping
Refreshing native plugins compatible for Editor in 0.19 ms, found 0 plugins.
Preloading 0 native plugins for Editor in 0.00 ms.
Unloading 1098 Unused Serialized files (Serialized files now loaded: 0)
System memory in use before: 60.7 MB.
System memory in use after: 60.8 MB.

Unloading 5 unused Assets to reduce memory usage. Loaded Objects now: 1606.
Total: 1.948800 ms (FindLiveObjects: 0.201800 ms CreateObjectMapping: 0.041400 ms MarkObjects: 1.641400 ms  DeleteObjects: 0.061700 ms)

========================================================================
Received Import Request.
  Time since last request: 122.897554 seconds.
  path: Assets/Prefabs/Gold bar.prefab
  artifactKey: Guid(16d0bf1503e1db945b28d5dff6abcb2f) Importer(815301076,1909f56bfc062723c751e8b465ee728b)
Start importing Assets/Prefabs/Gold bar.prefab using Guid(16d0bf1503e1db945b28d5dff6abcb2f) Importer(815301076,1909f56bfc062723c751e8b465ee728b)  -> (artifact id: '12e9633d3f2a2b64b70c7669a472337a') in 0.707807 seconds
  Import took 0.732384 seconds .

========================================================================
Received Import Request.
  Time since last request: 15.170428 seconds.
  path: Assets/Prefabs/Gold bar.prefab
  artifactKey: Guid(16d0bf1503e1db945b28d5dff6abcb2f) Importer(815301076,1909f56bfc062723c751e8b465ee728b)
Start importing Assets/Prefabs/Gold bar.prefab using Guid(16d0bf1503e1db945b28d5dff6abcb2f) Importer(815301076,1909f56bfc062723c751e8b465ee728b)  -> (artifact id: '6e16694854f48379d262d9c75493002c') in 0.023855 seconds
  Import took 0.034318 seconds .

========================================================================
Received Prepare
Registering precompiled user dll's ...
Registered in 0.000912 seconds.
Begin MonoManager ReloadAssembly
Native extension for WindowsStandalone target not found
Refreshing native plugins compatible for Editor in 0.20 ms, found 0 plugins.
Preloading 0 native plugins for Editor in 0.00 ms.
Invoked RoslynAnalysisRunner static constructor.
RoslynAnalysisRunner will not be running.
RoslynAnalysisRunner has terminated.
Mono: successfully reloaded assembly
- Completed reload, in  0.911 seconds
Platform modules already initialized, skipping
Refreshing native plugins compatible for Editor in 0.20 ms, found 0 plugins.
Preloading 0 native plugins for Editor in 0.00 ms.
Unloading 1098 Unused Serialized files (Serialized files now loaded: 0)
System memory in use before: 60.7 MB.
System memory in use after: 60.8 MB.

Unloading 5 unused Assets to reduce memory usage. Loaded Objects now: 1609.
Total: 1.904800 ms (FindLiveObjects: 0.145500 ms CreateObjectMapping: 0.032600 ms MarkObjects: 1.660100 ms  DeleteObjects: 0.065400 ms)

========================================================================
Received Prepare
Registering precompiled user dll's ...
Registered in 0.000729 seconds.
Begin MonoManager ReloadAssembly
Native extension for WindowsStandalone target not found
Refreshing native plugins compatible for Editor in 0.26 ms, found 0 plugins.
Preloading 0 native plugins for Editor in 0.00 ms.
Invoked RoslynAnalysisRunner static constructor.
RoslynAnalysisRunner will not be running.
RoslynAnalysisRunner has terminated.
Mono: successfully reloaded assembly
- Completed reload, in  1.030 seconds
Platform modules already initialized, skipping
Refreshing native plugins compatible for Editor in 0.27 ms, found 0 plugins.
Preloading 0 native plugins for Editor in 0.00 ms.
Unloading 1098 Unused Serialized files (Serialized files now loaded: 0)
System memory in use before: 60.7 MB.
System memory in use after: 60.8 MB.

Unloading 5 unused Assets to reduce memory usage. Loaded Objects now: 1611.
Total: 4.073300 ms (FindLiveObjects: 0.314600 ms CreateObjectMapping: 0.080900 ms MarkObjects: 3.557600 ms  DeleteObjects: 0.117400 ms)

========================================================================
Received Import Request.
  Time since last request: 318.122048 seconds.
  path: Assets/scripts/DestroyOverTime.cs
  artifactKey: Guid(278c803404e7b69468e877f59e4f8771) Importer(815301076,1909f56bfc062723c751e8b465ee728b)
Start importing Assets/scripts/DestroyOverTime.cs using Guid(278c803404e7b69468e877f59e4f8771) Importer(815301076,1909f56bfc062723c751e8b465ee728b)  -> (artifact id: 'ad57f3eb198b8e6c7b1768422c970467') in 0.013524 seconds
  Import took 0.028240 seconds .

========================================================================
Received Import Request.
  Time since last request: 0.007893 seconds.
  path: Assets/scripts/DestroyOverTime.cs
  artifactKey: Guid(278c803404e7b69468e877f59e4f8771) Importer(815301076,1909f56bfc062723c751e8b465ee728b)
Start importing Assets/scripts/DestroyOverTime.cs using Guid(278c803404e7b69468e877f59e4f8771) Importer(815301076,1909f56bfc062723c751e8b465ee728b)  -> (artifact id: 'ad57f3eb198b8e6c7b1768422c970467') in 0.010531 seconds
  Import took 0.021616 seconds .

========================================================================
Received Prepare
Registering precompiled user dll's ...
Registered in 0.000815 seconds.
Begin MonoManager ReloadAssembly
Native extension for WindowsStandalone target not found
Refreshing native plugins compatible for Editor in 1.03 ms, found 0 plugins.
Preloading 0 native plugins for Editor in 0.00 ms.
Invoked RoslynAnalysisRunner static constructor.
RoslynAnalysisRunner will not be running.
RoslynAnalysisRunner has terminated.
Mono: successfully reloaded assembly
- Completed reload, in  1.909 seconds
Platform modules already initialized, skipping
Refreshing native plugins compatible for Editor in 0.40 ms, found 0 plugins.
Preloading 0 native plugins for Editor in 0.00 ms.
Unloading 1099 Unused Serialized files (Serialized files now loaded: 0)
System memory in use before: 60.8 MB.
System memory in use after: 60.8 MB.

Unloading 5 unused Assets to reduce memory usage. Loaded Objects now: 1614.
Total: 4.237200 ms (FindLiveObjects: 0.700300 ms CreateObjectMapping: 0.170200 ms MarkObjects: 3.237300 ms  DeleteObjects: 0.122600 ms)

========================================================================
Received Import Request.
  Time since last request: 113.034782 seconds.
  path: Assets/scripts/DestroyOverTime.cs
  artifactKey: Guid(278c803404e7b69468e877f59e4f8771) Importer(815301076,1909f56bfc062723c751e8b465ee728b)
Start importing Assets/scripts/DestroyOverTime.cs using Guid(278c803404e7b69468e877f59e4f8771) Importer(815301076,1909f56bfc062723c751e8b465ee728b)  -> (artifact id: '5b0fcb0a9880a803b85276302451b950') in 0.015244 seconds
  Import took 0.035436 seconds .

========================================================================
Received Import Request.
  Time since last request: 0.284460 seconds.
  path: Assets/scripts/DestroyOverTime.cs
  artifactKey: Guid(278c803404e7b69468e877f59e4f8771) Importer(815301076,1909f56bfc062723c751e8b465ee728b)
Start importing Assets/scripts/DestroyOverTime.cs using Guid(278c803404e7b69468e877f59e4f8771) Importer(815301076,1909f56bfc062723c751e8b465ee728b)  -> (artifact id: '5b0fcb0a9880a803b85276302451b950') in 0.012433 seconds
  Import took 0.030763 seconds .

========================================================================
Received Prepare
Registering precompiled user dll's ...
Registered in 0.002894 seconds.
Begin MonoManager ReloadAssembly
Native extension for WindowsStandalone target not found
Refreshing native plugins compatible for Editor in 0.22 ms, found 0 plugins.
Preloading 0 native plugins for Editor in 0.00 ms.
Invoked RoslynAnalysisRunner static constructor.
RoslynAnalysisRunner will not be running.
RoslynAnalysisRunner has terminated.
Mono: successfully reloaded assembly
- Completed reload, in  1.178 seconds
Platform modules already initialized, skipping
Refreshing native plugins compatible for Editor in 0.26 ms, found 0 plugins.
Preloading 0 native plugins for Editor in 0.00 ms.
Unloading 1099 Unused Serialized files (Serialized files now loaded: 0)
System memory in use before: 60.8 MB.
System memory in use after: 60.9 MB.

Unloading 5 unused Assets to reduce memory usage. Loaded Objects now: 1616.
Total: 2.865600 ms (FindLiveObjects: 0.357000 ms CreateObjectMapping: 0.068400 ms MarkObjects: 2.325300 ms  DeleteObjects: 0.111100 ms)

========================================================================
Received Import Request.
  Time since last request: 9.591500 seconds.
  path: Assets/scripts/GoldPickup.cs
  artifactKey: Guid(fc209055b357d344291e9132231e7312) Importer(815301076,1909f56bfc062723c751e8b465ee728b)
Start importing Assets/scripts/GoldPickup.cs using Guid(fc209055b357d344291e9132231e7312) Importer(815301076,1909f56bfc062723c751e8b465ee728b)  -> (artifact id: 'f8eb4bd3c220da46a925dcc1092eee57') in 0.011627 seconds
  Import took 0.023060 seconds .

========================================================================
Received Import Request.
  Time since last request: 0.018599 seconds.
  path: Assets/scripts/GoldPickup.cs
  artifactKey: Guid(fc209055b357d344291e9132231e7312) Importer(815301076,1909f56bfc062723c751e8b465ee728b)
Start importing Assets/scripts/GoldPickup.cs using Guid(fc209055b357d344291e9132231e7312) Importer(815301076,1909f56bfc062723c751e8b465ee728b)  -> (artifact id: 'f8eb4bd3c220da46a925dcc1092eee57') in 0.009763 seconds
  Import took 0.021020 seconds .

========================================================================
Received Prepare
Registering precompiled user dll's ...
Registered in 0.000712 seconds.
Begin MonoManager ReloadAssembly
Native extension for WindowsStandalone target not found
Refreshing native plugins compatible for Editor in 0.22 ms, found 0 plugins.
Preloading 0 native plugins for Editor in 0.00 ms.
Invoked RoslynAnalysisRunner static constructor.
RoslynAnalysisRunner will not be running.
RoslynAnalysisRunner has terminated.
Mono: successfully reloaded assembly
- Completed reload, in  0.746 seconds
Platform modules already initialized, skipping
Refreshing native plugins compatible for Editor in 0.19 ms, found 0 plugins.
Preloading 0 native plugins for Editor in 0.00 ms.
Unloading 1099 Unused Serialized files (Serialized files now loaded: 0)
System memory in use before: 60.8 MB.
System memory in use after: 60.9 MB.

Unloading 5 unused Assets to reduce memory usage. Loaded Objects now: 1618.
Total: 2.369400 ms (FindLiveObjects: 0.166200 ms CreateObjectMapping: 0.053300 ms MarkObjects: 2.061900 ms  DeleteObjects: 0.085800 ms)

========================================================================
Received Import Request.
  Time since last request: 190.633972 seconds.
  path: Assets/Prefabs/Gold Pickup Effect.prefab
  artifactKey: Guid(2a25f59288d2ca742aff338b71168c9b) Importer(815301076,1909f56bfc062723c751e8b465ee728b)
Start importing Assets/Prefabs/Gold Pickup Effect.prefab using Guid(2a25f59288d2ca742aff338b71168c9b) Importer(815301076,1909f56bfc062723c751e8b465ee728b)  -> (artifact id: 'e04f1022cc1595b521d0cb05ee6d842a') in 0.030812 seconds
  Import took 0.040827 seconds .

========================================================================
Received Prepare
Registering precompiled user dll's ...
Registered in 0.000601 seconds.
Begin MonoManager ReloadAssembly
Native extension for WindowsStandalone target not found
Refreshing native plugins compatible for Editor in 0.22 ms, found 0 plugins.
Preloading 0 native plugins for Editor in 0.00 ms.
Invoked RoslynAnalysisRunner static constructor.
RoslynAnalysisRunner will not be running.
RoslynAnalysisRunner has terminated.
Mono: successfully reloaded assembly
- Completed reload, in  0.771 seconds
Platform modules already initialized, skipping
Refreshing native plugins compatible for Editor in 0.19 ms, found 0 plugins.
Preloading 0 native plugins for Editor in 0.00 ms.
Unloading 1099 Unused Serialized files (Serialized files now loaded: 0)
System memory in use before: 60.8 MB.
System memory in use after: 60.8 MB.

Unloading 5 unused Assets to reduce memory usage. Loaded Objects now: 1620.
Total: 1.977600 ms (FindLiveObjects: 0.130300 ms CreateObjectMapping: 0.030800 ms MarkObjects: 1.764500 ms  DeleteObjects: 0.050800 ms)

AssetImportWorkerClient::OnTransportError - code=2 error=End of file
